# JRE version: Java(TM) SE Runtime Environment (7.0_80-b15) (build 1.7.0_80-b15)
# Java VM: Java HotSpot(TM) 64-Bit Server VM (24.80-b11 mixed mode windows-amd64 compressed oops)
Heap
 PSYoungGen      total 140800K, used 98949K [0x00000007d5c00000, 0x00000007e0a00000, 0x0000000800000000)
  eden space 108544K, 69% used [0x00000007d5c00000,0x00000007da608338,0x00000007dc600000)
  from space 32256K, 71% used [0x00000007dea80000,0x00000007e0119130,0x00000007e0a00000)
  to   space 34816K, 0% used [0x00000007dc600000,0x00000007dc600000,0x00000007de800000)
 ParOldGen       total 86528K, used 47570K [0x0000000781400000, 0x0000000786880000, 0x00000007d5c00000)
  object space 86528K, 54% used [0x0000000781400000,0x0000000784274ac0,0x0000000786880000)
 PSPermGen       total 28160K, used 27823K [0x000000077c200000, 0x000000077dd80000, 0x0000000781400000)
  object space 28160K, 98% used [0x000000077c200000,0x000000077dd2bde0,0x000000077dd80000)
GC Heap History (10 events):
Event: 176.102 GC heap before
{Heap before GC invocations=8 (full 0):
 PSYoungGen      total 73216K, used 73012K [0x00000007d5c00000, 0x00000007df100000, 0x0000000800000000)
  eden space 66560K, 99% used [0x00000007d5c00000,0x00000007d9ccefa8,0x00000007d9d00000)
  from space 6656K, 99% used [0x00000007d9d00000,0x00000007da37e1b8,0x00000007da380000)
  to   space 9728K, 0% used [0x00000007de780000,0x00000007de780000,0x00000007df100000)
 ParOldGen       total 86528K, used 8442K [0x0000000781400000, 0x0000000786880000, 0x00000007d5c00000)
  object space 86528K, 9% used [0x0000000781400000,0x0000000781c3e9a0,0x0000000786880000)
 PSPermGen       total 27136K, used 27100K [0x000000077c200000, 0x000000077dc80000, 0x0000000781400000)
  object space 27136K, 99% used [0x000000077c200000,0x000000077dc77128,0x000000077dc80000)
Event: 176.166 GC heap after
Heap after GC invocations=8 (full 0):
 PSYoungGen      total 141312K, used 9719K [0x00000007d5c00000, 0x00000007df400000, 0x0000000800000000)
  eden space 131584K, 0% used [0x00000007d5c00000,0x00000007d5c00000,0x00000007ddc80000)
  from space 9728K, 99% used [0x00000007de780000,0x00000007df0fdc40,0x00000007df100000)
  to   space 11264K, 0% used [0x00000007ddc80000,0x00000007ddc80000,0x00000007de780000)
 ParOldGen       total 86528K, used 10172K [0x0000000781400000, 0x0000000786880000, 0x00000007d5c00000)
  object space 86528K, 11% used [0x0000000781400000,0x0000000781def260,0x0000000786880000)
 PSPermGen       total 27136K, used 27100K [0x000000077c200000, 0x000000077dc80000, 0x0000000781400000)
  object space 27136K, 99% used [0x000000077c200000,0x000000077dc77128,0x000000077dc80000)
}
Event: 349.728 GC heap before
{Heap before GC invocations=9 (full 0):
 PSYoungGen      total 141312K, used 141303K [0x00000007d5c00000, 0x00000007df400000, 0x0000000800000000)
  eden space 131584K, 100% used [0x00000007d5c00000,0x00000007ddc80000,0x00000007ddc80000)
  from space 9728K, 99% used [0x00000007de780000,0x00000007df0fdc40,0x00000007df100000)
  to   space 11264K, 0% used [0x00000007ddc80000,0x00000007ddc80000,0x00000007de780000)
 ParOldGen       total 86528K, used 10172K [0x0000000781400000, 0x0000000786880000, 0x00000007d5c00000)
  object space 86528K, 11% used [0x0000000781400000,0x0000000781def260,0x0000000786880000)
 PSPermGen       total 27648K, used 27419K [0x000000077c200000, 0x000000077dd00000, 0x0000000781400000)
  object space 27648K, 99% used [0x000000077c200000,0x000000077dcc6cc8,0x000000077dd00000)
Event: 349.792 GC heap after
Heap after GC invocations=9 (full 0):
 PSYoungGen      total 137728K, used 11259K [0x00000007d5c00000, 0x00000007dfa80000, 0x0000000800000000)
  eden space 126464K, 0% used [0x00000007d5c00000,0x00000007d5c00000,0x00000007dd780000)
  from space 11264K, 99% used [0x00000007ddc80000,0x00000007de77ef90,0x00000007de780000)
  to   space 17920K, 0% used [0x00000007de900000,0x00000007de900000,0x00000007dfa80000)
 ParOldGen       total 86528K, used 23412K [0x0000000781400000, 0x0000000786880000, 0x00000007d5c00000)
  object space 86528K, 27% used [0x0000000781400000,0x0000000782add260,0x0000000786880000)
 PSPermGen       total 27648K, used 27419K [0x000000077c200000, 0x000000077dd00000, 0x0000000781400000)
  object space 27648K, 99% used [0x000000077c200000,0x000000077dcc6cc8,0x000000077dd00000)
}
Event: 422.968 GC heap before
{Heap before GC invocations=10 (full 0):
 PSYoungGen      total 137728K, used 137723K [0x00000007d5c00000, 0x00000007dfa80000, 0x0000000800000000)
  eden space 126464K, 100% used [0x00000007d5c00000,0x00000007dd780000,0x00000007dd780000)
  from space 11264K, 99% used [0x00000007ddc80000,0x00000007de77ef90,0x00000007de780000)
  to   space 17920K, 0% used [0x00000007de900000,0x00000007de900000,0x00000007dfa80000)
 ParOldGen       total 86528K, used 23412K [0x0000000781400000, 0x0000000786880000, 0x00000007d5c00000)
  object space 86528K, 27% used [0x0000000781400000,0x0000000782add260,0x0000000786880000)
 PSPermGen       total 27648K, used 27528K [0x000000077c200000, 0x000000077dd00000, 0x0000000781400000)
  object space 27648K, 99% used [0x000000077c200000,0x000000077dce2170,0x000000077dd00000)
Event: 423.071 GC heap after
Heap after GC invocations=10 (full 0):
 PSYoungGen      total 134656K, used 17896K [0x00000007d5c00000, 0x00000007e0900000, 0x0000000800000000)
  eden space 116736K, 0% used [0x00000007d5c00000,0x00000007d5c00000,0x00000007dce00000)
  from space 17920K, 99% used [0x00000007de900000,0x00000007dfa7a1c0,0x00000007dfa80000)
  to   space 27648K, 0% used [0x00000007dce00000,0x00000007dce00000,0x00000007de900000)
 ParOldGen       total 86528K, used 43074K [0x0000000781400000, 0x0000000786880000, 0x00000007d5c00000)
  object space 86528K, 49% used [0x0000000781400000,0x0000000783e10ab0,0x0000000786880000)
 PSPermGen       total 27648K, used 27528K [0x000000077c200000, 0x000000077dd00000, 0x0000000781400000)
  object space 27648K, 99% used [0x000000077c200000,0x000000077dce2170,0x000000077dd00000)
}
Event: 468.743 GC heap before
{Heap before GC invocations=11 (full 0):
 PSYoungGen      total 134656K, used 134632K [0x00000007d5c00000, 0x00000007e0900000, 0x0000000800000000)
  eden space 116736K, 100% used [0x00000007d5c00000,0x00000007dce00000,0x00000007dce00000)
  from space 17920K, 99% used [0x00000007de900000,0x00000007dfa7a1c0,0x00000007dfa80000)
  to   space 27648K, 0% used [0x00000007dce00000,0x00000007dce00000,0x00000007de900000)
 ParOldGen       total 86528K, used 43074K [0x0000000781400000, 0x0000000786880000, 0x00000007d5c00000)
  object space 86528K, 49% used [0x0000000781400000,0x0000000783e10ab0,0x0000000786880000)
 PSPermGen       total 27648K, used 27621K [0x000000077c200000, 0x000000077dd00000, 0x0000000781400000)
  object space 27648K, 99% used [0x000000077c200000,0x000000077dcf96c8,0x000000077dd00000)
Event: 468.810 GC heap after
Heap after GC invocations=11 (full 0):
 PSYoungGen      total 140288K, used 27639K [0x00000007d5c00000, 0x00000007e0b00000, 0x0000000800000000)
  eden space 112640K, 0% used [0x00000007d5c00000,0x00000007d5c00000,0x00000007dca00000)
  from space 27648K, 99% used [0x00000007dce00000,0x00000007de8fdf70,0x00000007de900000)
  to   space 33280K, 0% used [0x00000007dea80000,0x00000007dea80000,0x00000007e0b00000)
 ParOldGen       total 86528K, used 47194K [0x0000000781400000, 0x0000000786880000, 0x00000007d5c00000)
  object space 86528K, 54% used [0x0000000781400000,0x0000000784216ac0,0x0000000786880000)
 PSPermGen       total 27648K, used 27621K [0x000000077c200000, 0x000000077dd00000, 0x0000000781400000)
  object space 27648K, 99% used [0x000000077c200000,0x000000077dcf96c8,0x000000077dd00000)
}
Event: 664.165 GC heap before
{Heap before GC invocations=12 (full 0):
 PSYoungGen      total 140288K, used 140279K [0x00000007d5c00000, 0x00000007e0b00000, 0x0000000800000000)
  eden space 112640K, 100% used [0x00000007d5c00000,0x00000007dca00000,0x00000007dca00000)
  from space 27648K, 99% used [0x00000007dce00000,0x00000007de8fdf70,0x00000007de900000)
  to   space 33280K, 0% used [0x00000007dea80000,0x00000007dea80000,0x00000007e0b00000)
 ParOldGen       total 86528K, used 47194K [0x0000000781400000, 0x0000000786880000, 0x00000007d5c00000)
  object space 86528K, 54% used [0x0000000781400000,0x0000000784216ac0,0x0000000786880000)
 PSPermGen       total 28160K, used 27777K [0x000000077c200000, 0x000000077dd80000, 0x0000000781400000)
  object space 28160K, 98% used [0x000000077c200000,0x000000077dd20678,0x000000077dd80000)
Event: 664.215 GC heap after
Heap after GC invocations=12 (full 0):
 PSYoungGen      total 140800K, used 23140K [0x00000007d5c00000, 0x00000007e0a00000, 0x0000000800000000)
  eden space 108544K, 0% used [0x00000007d5c00000,0x00000007d5c00000,0x00000007dc600000)
  from space 32256K, 71% used [0x00000007dea80000,0x00000007e0119130,0x00000007e0a00000)
  to   space 34816K, 0% used [0x00000007dc600000,0x00000007dc600000,0x00000007de800000)
 ParOldGen       total 86528K, used 47570K [0x0000000781400000, 0x0000000786880000, 0x00000007d5c00000)
  object space 86528K, 54% used [0x0000000781400000,0x0000000784274ac0,0x0000000786880000)
 PSPermGen       total 28160K, used 27777K [0x000000077c200000, 0x000000077dd80000, 0x0000000781400000)
  object space 28160K, 98% used [0x000000077c200000,0x000000077dd20678,0x000000077dd80000)
}

