# JRE version: Java(TM) SE Runtime Environment (7.0_80-b15) (build 1.7.0_80-b15)
# Java VM: Java HotSpot(TM) 64-Bit Server VM (24.80-b11 mixed mode windows-amd64 compressed oops)
Heap
 PSYoungGen      total 138752K, used 106979K [0x00000007d5c00000, 0x00000007e0c80000, 0x0000000800000000)
  eden space 102912K, 76% used [0x00000007d5c00000,0x00000007da8a2f48,0x00000007dc080000)
  from space 35840K, 79% used [0x00000007de700000,0x00000007e02d5cf0,0x00000007e0a00000)
  to   space 38912K, 0% used [0x00000007dc080000,0x00000007dc080000,0x00000007de680000)
 ParOldGen       total 86528K, used 65422K [0x0000000781400000, 0x0000000786880000, 0x00000007d5c00000)
  object space 86528K, 75% used [0x0000000781400000,0x00000007853e3910,0x0000000786880000)
 PSPermGen       total 28160K, used 27733K [0x000000077c200000, 0x000000077dd80000, 0x0000000781400000)
  object space 28160K, 98% used [0x000000077c200000,0x000000077dd157f0,0x000000077dd80000)
GC Heap History (10 events):
Event: 59.729 GC heap before
{Heap before GC invocations=8 (full 0):
 PSYoungGen      total 73216K, used 73202K [0x00000007d5c00000, 0x00000007df000000, 0x0000000800000000)
  eden space 66048K, 100% used [0x00000007d5c00000,0x00000007d9c80000,0x00000007d9c80000)
  from space 7168K, 99% used [0x00000007d9c80000,0x00000007da37c8a0,0x00000007da380000)
  to   space 9728K, 0% used [0x00000007de680000,0x00000007de680000,0x00000007df000000)
 ParOldGen       total 86528K, used 7882K [0x0000000781400000, 0x0000000786880000, 0x00000007d5c00000)
  object space 86528K, 9% used [0x0000000781400000,0x0000000781bb2b58,0x0000000786880000)
 PSPermGen       total 27648K, used 27261K [0x000000077c200000, 0x000000077dd00000, 0x0000000781400000)
  object space 27648K, 98% used [0x000000077c200000,0x000000077dc9f5e0,0x000000077dd00000)
Event: 59.743 GC heap after
Heap after GC invocations=8 (full 0):
 PSYoungGen      total 141312K, used 8494K [0x00000007d5c00000, 0x00000007df100000, 0x0000000800000000)
  eden space 131584K, 0% used [0x00000007d5c00000,0x00000007d5c00000,0x00000007ddc80000)
  from space 9728K, 87% used [0x00000007de680000,0x00000007deecb990,0x00000007df000000)
  to   space 10240K, 0% used [0x00000007ddc80000,0x00000007ddc80000,0x00000007de680000)
 ParOldGen       total 86528K, used 9390K [0x0000000781400000, 0x0000000786880000, 0x00000007d5c00000)
  object space 86528K, 10% used [0x0000000781400000,0x0000000781d2b8b0,0x0000000786880000)
 PSPermGen       total 27648K, used 27261K [0x000000077c200000, 0x000000077dd00000, 0x0000000781400000)
  object space 27648K, 98% used [0x000000077c200000,0x000000077dc9f5e0,0x000000077dd00000)
}
Event: 85.771 GC heap before
{Heap before GC invocations=9 (full 0):
 PSYoungGen      total 141312K, used 140078K [0x00000007d5c00000, 0x00000007df100000, 0x0000000800000000)
  eden space 131584K, 100% used [0x00000007d5c00000,0x00000007ddc80000,0x00000007ddc80000)
  from space 9728K, 87% used [0x00000007de680000,0x00000007deecb990,0x00000007df000000)
  to   space 10240K, 0% used [0x00000007ddc80000,0x00000007ddc80000,0x00000007de680000)
 ParOldGen       total 86528K, used 9390K [0x0000000781400000, 0x0000000786880000, 0x00000007d5c00000)
  object space 86528K, 10% used [0x0000000781400000,0x0000000781d2b8b0,0x0000000786880000)
 PSPermGen       total 27648K, used 27432K [0x000000077c200000, 0x000000077dd00000, 0x0000000781400000)
  object space 27648K, 99% used [0x000000077c200000,0x000000077dcca3b0,0x000000077dd00000)
Event: 85.840 GC heap after
Heap after GC invocations=9 (full 0):
 PSYoungGen      total 141824K, used 10236K [0x00000007d5c00000, 0x00000007df100000, 0x0000000800000000)
  eden space 131584K, 0% used [0x00000007d5c00000,0x00000007d5c00000,0x00000007ddc80000)
  from space 10240K, 99% used [0x00000007ddc80000,0x00000007de67f3b0,0x00000007de680000)
  to   space 9728K, 0% used [0x00000007de680000,0x00000007de680000,0x00000007df000000)
 ParOldGen       total 86528K, used 35413K [0x0000000781400000, 0x0000000786880000, 0x00000007d5c00000)
  object space 86528K, 40% used [0x0000000781400000,0x00000007836954c0,0x0000000786880000)
 PSPermGen       total 27648K, used 27432K [0x000000077c200000, 0x000000077dd00000, 0x0000000781400000)
  object space 27648K, 99% used [0x000000077c200000,0x000000077dcca3b0,0x000000077dd00000)
}
Event: 101.850 GC heap before
{Heap before GC invocations=10 (full 0):
 PSYoungGen      total 141824K, used 141820K [0x00000007d5c00000, 0x00000007df100000, 0x0000000800000000)
  eden space 131584K, 100% used [0x00000007d5c00000,0x00000007ddc80000,0x00000007ddc80000)
  from space 10240K, 99% used [0x00000007ddc80000,0x00000007de67f3b0,0x00000007de680000)
  to   space 9728K, 0% used [0x00000007de680000,0x00000007de680000,0x00000007df000000)
 ParOldGen       total 86528K, used 35413K [0x0000000781400000, 0x0000000786880000, 0x00000007d5c00000)
  object space 86528K, 40% used [0x0000000781400000,0x00000007836954c0,0x0000000786880000)
 PSPermGen       total 27648K, used 27542K [0x000000077c200000, 0x000000077dd00000, 0x0000000781400000)
  object space 27648K, 99% used [0x000000077c200000,0x000000077dce5b40,0x000000077dd00000)
Event: 101.936 GC heap after
Heap after GC invocations=10 (full 0):
 PSYoungGen      total 120320K, used 9720K [0x00000007d5c00000, 0x00000007e1480000, 0x0000000800000000)
  eden space 110592K, 0% used [0x00000007d5c00000,0x00000007d5c00000,0x00000007dc800000)
  from space 9728K, 99% used [0x00000007de680000,0x00000007deffe190,0x00000007df000000)
  to   space 31232K, 0% used [0x00000007dc800000,0x00000007dc800000,0x00000007de680000)
 ParOldGen       total 86528K, used 64590K [0x0000000781400000, 0x0000000786880000, 0x00000007d5c00000)
  object space 86528K, 74% used [0x0000000781400000,0x0000000785313910,0x0000000786880000)
 PSPermGen       total 27648K, used 27542K [0x000000077c200000, 0x000000077dd00000, 0x0000000781400000)
  object space 27648K, 99% used [0x000000077c200000,0x000000077dce5b40,0x000000077dd00000)
}
Event: 125.054 GC heap before
{Heap before GC invocations=11 (full 0):
 PSYoungGen      total 120320K, used 120312K [0x00000007d5c00000, 0x00000007e1480000, 0x0000000800000000)
  eden space 110592K, 100% used [0x00000007d5c00000,0x00000007dc800000,0x00000007dc800000)
  from space 9728K, 99% used [0x00000007de680000,0x00000007deffe190,0x00000007df000000)
  to   space 31232K, 0% used [0x00000007dc800000,0x00000007dc800000,0x00000007de680000)
 ParOldGen       total 86528K, used 64590K [0x0000000781400000, 0x0000000786880000, 0x00000007d5c00000)
  object space 86528K, 74% used [0x0000000781400000,0x0000000785313910,0x0000000786880000)
 PSPermGen       total 28160K, used 27651K [0x000000077c200000, 0x000000077dd80000, 0x0000000781400000)
  object space 28160K, 98% used [0x000000077c200000,0x000000077dd00fe0,0x000000077dd80000)
Event: 125.099 GC heap after
Heap after GC invocations=11 (full 0):
 PSYoungGen      total 137728K, used 29959K [0x00000007d5c00000, 0x00000007e0a00000, 0x0000000800000000)
  eden space 106496K, 0% used [0x00000007d5c00000,0x00000007d5c00000,0x00000007dc400000)
  from space 31232K, 95% used [0x00000007dc800000,0x00000007de541e40,0x00000007de680000)
  to   space 35840K, 0% used [0x00000007de700000,0x00000007de700000,0x00000007e0a00000)
 ParOldGen       total 86528K, used 65086K [0x0000000781400000, 0x0000000786880000, 0x00000007d5c00000)
  object space 86528K, 75% used [0x0000000781400000,0x000000078538f910,0x0000000786880000)
 PSPermGen       total 28160K, used 27651K [0x000000077c200000, 0x000000077dd80000, 0x0000000781400000)
  object space 28160K, 98% used [0x000000077c200000,0x000000077dd00fe0,0x000000077dd80000)
}
Event: 194.297 GC heap before
{Heap before GC invocations=12 (full 0):
 PSYoungGen      total 137728K, used 136455K [0x00000007d5c00000, 0x00000007e0a00000, 0x0000000800000000)
  eden space 106496K, 100% used [0x00000007d5c00000,0x00000007dc400000,0x00000007dc400000)
  from space 31232K, 95% used [0x00000007dc800000,0x00000007de541e40,0x00000007de680000)
  to   space 35840K, 0% used [0x00000007de700000,0x00000007de700000,0x00000007e0a00000)
 ParOldGen       total 86528K, used 65086K [0x0000000781400000, 0x0000000786880000, 0x00000007d5c00000)
  object space 86528K, 75% used [0x0000000781400000,0x000000078538f910,0x0000000786880000)
 PSPermGen       total 28160K, used 27718K [0x000000077c200000, 0x000000077dd80000, 0x0000000781400000)
  object space 28160K, 98% used [0x000000077c200000,0x000000077dd11ab8,0x000000077dd80000)
Event: 194.360 GC heap after
Heap after GC invocations=12 (full 0):
 PSYoungGen      total 138752K, used 28503K [0x00000007d5c00000, 0x00000007e0c80000, 0x0000000800000000)
  eden space 102912K, 0% used [0x00000007d5c00000,0x00000007d5c00000,0x00000007dc080000)
  from space 35840K, 79% used [0x00000007de700000,0x00000007e02d5cf0,0x00000007e0a00000)
  to   space 38912K, 0% used [0x00000007dc080000,0x00000007dc080000,0x00000007de680000)
 ParOldGen       total 86528K, used 65422K [0x0000000781400000, 0x0000000786880000, 0x00000007d5c00000)
  object space 86528K, 75% used [0x0000000781400000,0x00000007853e3910,0x0000000786880000)
 PSPermGen       total 28160K, used 27718K [0x000000077c200000, 0x000000077dd80000, 0x0000000781400000)
  object space 28160K, 98% used [0x000000077c200000,0x000000077dd11ab8,0x000000077dd80000)
}

