# JRE version: Java(TM) SE Runtime Environment (7.0_80-b15) (build 1.7.0_80-b15)
# Java VM: Java HotSpot(TM) 64-Bit Server VM (24.80-b11 mixed mode windows-amd64 compressed oops)
Heap
 PSYoungGen      total 73216K, used 36461K [0x00000007d5c00000, 0x00000007df100000, 0x0000000800000000)
  eden space 66560K, 44% used [0x00000007d5c00000,0x00000007d791e1c0,0x00000007d9d00000)
  from space 6656K, 99% used [0x00000007d9d00000,0x00000007da37d278,0x00000007da380000)
  to   space 9728K, 0% used [0x00000007de780000,0x00000007de780000,0x00000007df100000)
 ParOldGen       total 86528K, used 8929K [0x0000000781400000, 0x0000000786880000, 0x00000007d5c00000)
  object space 86528K, 10% used [0x0000000781400000,0x0000000781cb8660,0x0000000786880000)
 PSPermGen       total 27648K, used 27382K [0x000000077c200000, 0x000000077dd00000, 0x0000000781400000)
  object space 27648K, 99% used [0x000000077c200000,0x000000077dcbdbc0,0x000000077dd00000)
GC Heap History (10 events):
Event: 3.540 GC heap before
{Heap before GC invocations=3 (full 0):
 PSYoungGen      total 38400K, used 38368K [0x00000007d5c00000, 0x00000007d8680000, 0x0000000800000000)
  eden space 33280K, 100% used [0x00000007d5c00000,0x00000007d7c80000,0x00000007d7c80000)
  from space 5120K, 99% used [0x00000007d8180000,0x00000007d8678358,0x00000007d8680000)
  to   space 5120K, 0% used [0x00000007d7c80000,0x00000007d7c80000,0x00000007d8180000)
 ParOldGen       total 86528K, used 1447K [0x0000000781400000, 0x0000000786880000, 0x00000007d5c00000)
  object space 86528K, 1% used [0x0000000781400000,0x0000000781569e38,0x0000000786880000)
 PSPermGen       total 21504K, used 18675K [0x000000077c200000, 0x000000077d700000, 0x0000000781400000)
  object space 21504K, 86% used [0x000000077c200000,0x000000077d43ce78,0x000000077d700000)
Event: 3.548 GC heap after
Heap after GC invocations=3 (full 0):
 PSYoungGen      total 38400K, used 5098K [0x00000007d5c00000, 0x00000007d8680000, 0x0000000800000000)
  eden space 33280K, 0% used [0x00000007d5c00000,0x00000007d5c00000,0x00000007d7c80000)
  from space 5120K, 99% used [0x00000007d7c80000,0x00000007d817abe0,0x00000007d8180000)
  to   space 5120K, 0% used [0x00000007d8180000,0x00000007d8180000,0x00000007d8680000)
 ParOldGen       total 86528K, used 1888K [0x0000000781400000, 0x0000000786880000, 0x00000007d5c00000)
  object space 86528K, 2% used [0x0000000781400000,0x00000007815d8018,0x0000000786880000)
 PSPermGen       total 21504K, used 18675K [0x000000077c200000, 0x000000077d700000, 0x0000000781400000)
  object space 21504K, 86% used [0x000000077c200000,0x000000077d43ce78,0x000000077d700000)
}
Event: 3.941 GC heap before
{Heap before GC invocations=4 (full 0):
 PSYoungGen      total 38400K, used 38378K [0x00000007d5c00000, 0x00000007d8680000, 0x0000000800000000)
  eden space 33280K, 100% used [0x00000007d5c00000,0x00000007d7c80000,0x00000007d7c80000)
  from space 5120K, 99% used [0x00000007d7c80000,0x00000007d817abe0,0x00000007d8180000)
  to   space 5120K, 0% used [0x00000007d8180000,0x00000007d8180000,0x00000007d8680000)
 ParOldGen       total 86528K, used 1888K [0x0000000781400000, 0x0000000786880000, 0x00000007d5c00000)
  object space 86528K, 2% used [0x0000000781400000,0x00000007815d8018,0x0000000786880000)
 PSPermGen       total 21504K, used 19530K [0x000000077c200000, 0x000000077d700000, 0x0000000781400000)
  object space 21504K, 90% used [0x000000077c200000,0x000000077d5128b0,0x000000077d700000)
Event: 3.949 GC heap after
Heap after GC invocations=4 (full 0):
 PSYoungGen      total 38400K, used 5104K [0x00000007d5c00000, 0x00000007da700000, 0x0000000800000000)
  eden space 33280K, 0% used [0x00000007d5c00000,0x00000007d5c00000,0x00000007d7c80000)
  from space 5120K, 99% used [0x00000007d8180000,0x00000007d867c100,0x00000007d8680000)
  to   space 5120K, 0% used [0x00000007d7c80000,0x00000007d7c80000,0x00000007d8180000)
 ParOldGen       total 86528K, used 2485K [0x0000000781400000, 0x0000000786880000, 0x00000007d5c00000)
  object space 86528K, 2% used [0x0000000781400000,0x000000078166d7c8,0x0000000786880000)
 PSPermGen       total 21504K, used 19530K [0x000000077c200000, 0x000000077d700000, 0x0000000781400000)
  object space 21504K, 90% used [0x000000077c200000,0x000000077d5128b0,0x000000077d700000)
}
Event: 4.315 GC heap before
{Heap before GC invocations=5 (full 0):
 PSYoungGen      total 38400K, used 38384K [0x00000007d5c00000, 0x00000007da700000, 0x0000000800000000)
  eden space 33280K, 100% used [0x00000007d5c00000,0x00000007d7c80000,0x00000007d7c80000)
  from space 5120K, 99% used [0x00000007d8180000,0x00000007d867c100,0x00000007d8680000)
  to   space 5120K, 0% used [0x00000007d7c80000,0x00000007d7c80000,0x00000007d8180000)
 ParOldGen       total 86528K, used 2485K [0x0000000781400000, 0x0000000786880000, 0x00000007d5c00000)
  object space 86528K, 2% used [0x0000000781400000,0x000000078166d7c8,0x0000000786880000)
 PSPermGen       total 21504K, used 19789K [0x000000077c200000, 0x000000077d700000, 0x0000000781400000)
  object space 21504K, 92% used [0x000000077c200000,0x000000077d553508,0x000000077d700000)
Event: 4.325 GC heap after
Heap after GC invocations=5 (full 0):
 PSYoungGen      total 38400K, used 5104K [0x00000007d5c00000, 0x00000007daa00000, 0x0000000800000000)
  eden space 33280K, 0% used [0x00000007d5c00000,0x00000007d5c00000,0x00000007d7c80000)
  from space 5120K, 99% used [0x00000007d7c80000,0x00000007d817c020,0x00000007d8180000)
  to   space 6656K, 0% used [0x00000007da380000,0x00000007da380000,0x00000007daa00000)
 ParOldGen       total 86528K, used 3497K [0x0000000781400000, 0x0000000786880000, 0x00000007d5c00000)
  object space 86528K, 4% used [0x0000000781400000,0x000000078176a6f8,0x0000000786880000)
 PSPermGen       total 21504K, used 19789K [0x000000077c200000, 0x000000077d700000, 0x0000000781400000)
  object space 21504K, 92% used [0x000000077c200000,0x000000077d553508,0x000000077d700000)
}
Event: 4.512 GC heap before
{Heap before GC invocations=6 (full 0):
 PSYoungGen      total 38400K, used 38384K [0x00000007d5c00000, 0x00000007daa00000, 0x0000000800000000)
  eden space 33280K, 100% used [0x00000007d5c00000,0x00000007d7c80000,0x00000007d7c80000)
  from space 5120K, 99% used [0x00000007d7c80000,0x00000007d817c020,0x00000007d8180000)
  to   space 6656K, 0% used [0x00000007da380000,0x00000007da380000,0x00000007daa00000)
 ParOldGen       total 86528K, used 3497K [0x0000000781400000, 0x0000000786880000, 0x00000007d5c00000)
  object space 86528K, 4% used [0x0000000781400000,0x000000078176a6f8,0x0000000786880000)
 PSPermGen       total 21504K, used 19883K [0x000000077c200000, 0x000000077d700000, 0x0000000781400000)
  object space 21504K, 92% used [0x000000077c200000,0x000000077d56acc0,0x000000077d700000)
Event: 4.522 GC heap after
Heap after GC invocations=6 (full 0):
 PSYoungGen      total 73216K, used 5980K [0x00000007d5c00000, 0x00000007daa00000, 0x0000000800000000)
  eden space 66560K, 0% used [0x00000007d5c00000,0x00000007d5c00000,0x00000007d9d00000)
  from space 6656K, 89% used [0x00000007da380000,0x00000007da957368,0x00000007daa00000)
  to   space 6656K, 0% used [0x00000007d9d00000,0x00000007d9d00000,0x00000007da380000)
 ParOldGen       total 86528K, used 3505K [0x0000000781400000, 0x0000000786880000, 0x00000007d5c00000)
  object space 86528K, 4% used [0x0000000781400000,0x000000078176c6f8,0x0000000786880000)
 PSPermGen       total 21504K, used 19883K [0x000000077c200000, 0x000000077d700000, 0x0000000781400000)
  object space 21504K, 92% used [0x000000077c200000,0x000000077d56acc0,0x000000077d700000)
}
Event: 265.605 GC heap before
{Heap before GC invocations=7 (full 0):
 PSYoungGen      total 73216K, used 72540K [0x00000007d5c00000, 0x00000007daa00000, 0x0000000800000000)
  eden space 66560K, 100% used [0x00000007d5c00000,0x00000007d9d00000,0x00000007d9d00000)
  from space 6656K, 89% used [0x00000007da380000,0x00000007da957368,0x00000007daa00000)
  to   space 6656K, 0% used [0x00000007d9d00000,0x00000007d9d00000,0x00000007da380000)
 ParOldGen       total 86528K, used 3505K [0x0000000781400000, 0x0000000786880000, 0x00000007d5c00000)
  object space 86528K, 4% used [0x0000000781400000,0x000000078176c6f8,0x0000000786880000)
 PSPermGen       total 26112K, used 25879K [0x000000077c200000, 0x000000077db80000, 0x0000000781400000)
  object space 26112K, 99% used [0x000000077c200000,0x000000077db45eb0,0x000000077db80000)
Event: 265.625 GC heap after
Heap after GC invocations=7 (full 0):
 PSYoungGen      total 73216K, used 6644K [0x00000007d5c00000, 0x00000007df100000, 0x0000000800000000)
  eden space 66560K, 0% used [0x00000007d5c00000,0x00000007d5c00000,0x00000007d9d00000)
  from space 6656K, 99% used [0x00000007d9d00000,0x00000007da37d278,0x00000007da380000)
  to   space 9728K, 0% used [0x00000007de780000,0x00000007de780000,0x00000007df100000)
 ParOldGen       total 86528K, used 8929K [0x0000000781400000, 0x0000000786880000, 0x00000007d5c00000)
  object space 86528K, 10% used [0x0000000781400000,0x0000000781cb8660,0x0000000786880000)
 PSPermGen       total 26112K, used 25879K [0x000000077c200000, 0x000000077db80000, 0x0000000781400000)
  object space 26112K, 99% used [0x000000077c200000,0x000000077db45eb0,0x000000077db80000)
}

